[2019-09-23 11:54:11] local.ERROR: syntax error, unexpected ')' {"exception":"[object] (Symfony\\Component\\Debug\\Exception\\FatalThrowableError(code: 0): syntax error, unexpected ')' at /home/alex/www/diplom/app/Http/Sections/CommonSettingsSection.php:67)
[stacktrace]
#0 /home/alex/www/diplom/vendor/composer/ClassLoader.php(322): Composer\\Autoload\\includeFile('/home/alex/www/...')
#1 [internal function]: Composer\\Autoload\\ClassLoader->loadClass('App\\\\Http\\\\Sectio...')
#2 [internal function]: spl_autoload_call('App\\\\Http\\\\Sectio...')
#3 /home/alex/www/diplom/vendor/laravelrus/sleepingowl/src/Admin.php(128): class_exists('\\\\App\\\\Http\\\\Secti...')
#4 /home/alex/www/diplom/vendor/laravelrus/sleepingowl/src/Providers/AdminSectionsServiceProvider.php(34): SleepingOwl\\Admin\\Admin->registerSections(Array)
#5 /home/alex/www/diplom/app/Providers/AdminSectionsServiceProvider.php(46): SleepingOwl\\Admin\\Providers\\AdminSectionsServiceProvider->boot(Object(SleepingOwl\\Admin\\Admin))
#6 [internal function]: App\\Providers\\AdminSectionsServiceProvider->boot(Object(SleepingOwl\\Admin\\Admin))
#7 /home/alex/www/diplom/vendor/laravel/framework/src/Illuminate/Container/BoundMethod.php(32): call_user_func_array(Array, Array)
#8 /home/alex/www/diplom/vendor/laravel/framework/src/Illuminate/Container/BoundMethod.php(90): Illuminate\\Container\\BoundMethod::Illuminate\\Container\\{closure}()
#9 /home/alex/www/diplom/vendor/laravel/framework/src/Illuminate/Container/BoundMethod.php(34): Illuminate\\Container\\BoundMethod::callBoundMethod(Object(Illuminate\\Foundation\\Application), Array, Object(Closure))
#10 /home/alex/www/diplom/vendor/laravel/framework/src/Illuminate/Container/Container.php(576): Illuminate\\Container\\BoundMethod::call(Object(Illuminate\\Foundation\\Application), Array, Array, NULL)
#11 /home/alex/www/diplom/vendor/laravel/framework/src/Illuminate/Foundation/Application.php(827): Illuminate\\Container\\Container->call(Array)
#12 /home/alex/www/diplom/vendor/laravel/framework/src/Illuminate/Foundation/Application.php(810): Illuminate\\Foundation\\Application->bootProvider(Object(App\\Providers\\AdminSectionsServiceProvider))
#13 [internal function]: Illuminate\\Foundation\\Application->Illuminate\\Foundation\\{closure}(Object(App\\Providers\\AdminSectionsServiceProvider), 20)
#14 /home/alex/www/diplom/vendor/laravel/framework/src/Illuminate/Foundation/Application.php(811): array_walk(Array, Object(Closure))
#15 /home/alex/www/diplom/vendor/laravel/framework/src/Illuminate/Foundation/Bootstrap/BootProviders.php(17): Illuminate\\Foundation\\Application->boot()
#16 /home/alex/www/diplom/vendor/laravel/framework/src/Illuminate/Foundation/Application.php(210): Illuminate\\Foundation\\Bootstrap\\BootProviders->bootstrap(Object(Illuminate\\Foundation\\Application))
#17 /home/alex/www/diplom/vendor/laravel/framework/src/Illuminate/Foundation/Console/Kernel.php(322): Illuminate\\Foundation\\Application->bootstrapWith(Array)
#18 /home/alex/www/diplom/vendor/laravel/framework/src/Illuminate/Foundation/Console/Kernel.php(131): Illuminate\\Foundation\\Console\\Kernel->bootstrap()
#19 /home/alex/www/diplom/artisan(37): Illuminate\\Foundation\\Console\\Kernel->handle(Object(Symfony\\Component\\Console\\Input\\ArgvInput), Object(Symfony\\Component\\Console\\Output\\ConsoleOutput))
#20 {main}
"} 
[2019-09-23 11:54:33] local.ERROR: syntax error, unexpected ')' {"exception":"[object] (Symfony\\Component\\Debug\\Exception\\FatalThrowableError(code: 0): syntax error, unexpected ')' at /home/alex/www/diplom/app/Http/Sections/CommonSettingsSection.php:67)
[stacktrace]
#0 /home/alex/www/diplom/vendor/composer/ClassLoader.php(322): Composer\\Autoload\\includeFile('/home/alex/www/...')
#1 [internal function]: Composer\\Autoload\\ClassLoader->loadClass('App\\\\Http\\\\Sectio...')
#2 [internal function]: spl_autoload_call('App\\\\Http\\\\Sectio...')
#3 /home/alex/www/diplom/vendor/laravelrus/sleepingowl/src/Admin.php(128): class_exists('\\\\App\\\\Http\\\\Secti...')
#4 /home/alex/www/diplom/vendor/laravelrus/sleepingowl/src/Providers/AdminSectionsServiceProvider.php(34): SleepingOwl\\Admin\\Admin->registerSections(Array)
#5 /home/alex/www/diplom/app/Providers/AdminSectionsServiceProvider.php(46): SleepingOwl\\Admin\\Providers\\AdminSectionsServiceProvider->boot(Object(SleepingOwl\\Admin\\Admin))
#6 [internal function]: App\\Providers\\AdminSectionsServiceProvider->boot(Object(SleepingOwl\\Admin\\Admin))
#7 /home/alex/www/diplom/vendor/laravel/framework/src/Illuminate/Container/BoundMethod.php(32): call_user_func_array(Array, Array)
#8 /home/alex/www/diplom/vendor/laravel/framework/src/Illuminate/Container/BoundMethod.php(90): Illuminate\\Container\\BoundMethod::Illuminate\\Container\\{closure}()
#9 /home/alex/www/diplom/vendor/laravel/framework/src/Illuminate/Container/BoundMethod.php(34): Illuminate\\Container\\BoundMethod::callBoundMethod(Object(Illuminate\\Foundation\\Application), Array, Object(Closure))
#10 /home/alex/www/diplom/vendor/laravel/framework/src/Illuminate/Container/Container.php(576): Illuminate\\Container\\BoundMethod::call(Object(Illuminate\\Foundation\\Application), Array, Array, NULL)
#11 /home/alex/www/diplom/vendor/laravel/framework/src/Illuminate/Foundation/Application.php(827): Illuminate\\Container\\Container->call(Array)
#12 /home/alex/www/diplom/vendor/laravel/framework/src/Illuminate/Foundation/Application.php(810): Illuminate\\Foundation\\Application->bootProvider(Object(App\\Providers\\AdminSectionsServiceProvider))
#13 [internal function]: Illuminate\\Foundation\\Application->Illuminate\\Foundation\\{closure}(Object(App\\Providers\\AdminSectionsServiceProvider), 20)
#14 /home/alex/www/diplom/vendor/laravel/framework/src/Illuminate/Foundation/Application.php(811): array_walk(Array, Object(Closure))
#15 /home/alex/www/diplom/vendor/laravel/framework/src/Illuminate/Foundation/Bootstrap/BootProviders.php(17): Illuminate\\Foundation\\Application->boot()
#16 /home/alex/www/diplom/vendor/laravel/framework/src/Illuminate/Foundation/Application.php(210): Illuminate\\Foundation\\Bootstrap\\BootProviders->bootstrap(Object(Illuminate\\Foundation\\Application))
#17 /home/alex/www/diplom/vendor/laravel/framework/src/Illuminate/Foundation/Console/Kernel.php(322): Illuminate\\Foundation\\Application->bootstrapWith(Array)
#18 /home/alex/www/diplom/vendor/laravel/framework/src/Illuminate/Foundation/Console/Kernel.php(131): Illuminate\\Foundation\\Console\\Kernel->bootstrap()
#19 /home/alex/www/diplom/artisan(37): Illuminate\\Foundation\\Console\\Kernel->handle(Object(Symfony\\Component\\Console\\Input\\ArgvInput), Object(Symfony\\Component\\Console\\Output\\ConsoleOutput))
#20 {main}
"} 
[2019-09-23 11:57:24] local.ERROR: syntax error, unexpected ')' {"exception":"[object] (Symfony\\Component\\Debug\\Exception\\FatalThrowableError(code: 0): syntax error, unexpected ')' at /home/alex/www/diplom/app/Http/Sections/CommonSettingsSection.php:67)
[stacktrace]
#0 /home/alex/www/diplom/vendor/composer/ClassLoader.php(322): Composer\\Autoload\\includeFile('/home/alex/www/...')
#1 [internal function]: Composer\\Autoload\\ClassLoader->loadClass('App\\\\Http\\\\Sectio...')
#2 [internal function]: spl_autoload_call('App\\\\Http\\\\Sectio...')
#3 /home/alex/www/diplom/vendor/laravelrus/sleepingowl/src/Admin.php(128): class_exists('\\\\App\\\\Http\\\\Secti...')
#4 /home/alex/www/diplom/vendor/laravelrus/sleepingowl/src/Providers/AdminSectionsServiceProvider.php(34): SleepingOwl\\Admin\\Admin->registerSections(Array)
#5 /home/alex/www/diplom/app/Providers/AdminSectionsServiceProvider.php(46): SleepingOwl\\Admin\\Providers\\AdminSectionsServiceProvider->boot(Object(SleepingOwl\\Admin\\Admin))
#6 [internal function]: App\\Providers\\AdminSectionsServiceProvider->boot(Object(SleepingOwl\\Admin\\Admin))
#7 /home/alex/www/diplom/vendor/laravel/framework/src/Illuminate/Container/BoundMethod.php(32): call_user_func_array(Array, Array)
#8 /home/alex/www/diplom/vendor/laravel/framework/src/Illuminate/Container/BoundMethod.php(90): Illuminate\\Container\\BoundMethod::Illuminate\\Container\\{closure}()
#9 /home/alex/www/diplom/vendor/laravel/framework/src/Illuminate/Container/BoundMethod.php(34): Illuminate\\Container\\BoundMethod::callBoundMethod(Object(Illuminate\\Foundation\\Application), Array, Object(Closure))
#10 /home/alex/www/diplom/vendor/laravel/framework/src/Illuminate/Container/Container.php(576): Illuminate\\Container\\BoundMethod::call(Object(Illuminate\\Foundation\\Application), Array, Array, NULL)
#11 /home/alex/www/diplom/vendor/laravel/framework/src/Illuminate/Foundation/Application.php(827): Illuminate\\Container\\Container->call(Array)
#12 /home/alex/www/diplom/vendor/laravel/framework/src/Illuminate/Foundation/Application.php(810): Illuminate\\Foundation\\Application->bootProvider(Object(App\\Providers\\AdminSectionsServiceProvider))
#13 [internal function]: Illuminate\\Foundation\\Application->Illuminate\\Foundation\\{closure}(Object(App\\Providers\\AdminSectionsServiceProvider), 20)
#14 /home/alex/www/diplom/vendor/laravel/framework/src/Illuminate/Foundation/Application.php(811): array_walk(Array, Object(Closure))
#15 /home/alex/www/diplom/vendor/laravel/framework/src/Illuminate/Foundation/Bootstrap/BootProviders.php(17): Illuminate\\Foundation\\Application->boot()
#16 /home/alex/www/diplom/vendor/laravel/framework/src/Illuminate/Foundation/Application.php(210): Illuminate\\Foundation\\Bootstrap\\BootProviders->bootstrap(Object(Illuminate\\Foundation\\Application))
#17 /home/alex/www/diplom/vendor/laravel/framework/src/Illuminate/Foundation/Console/Kernel.php(322): Illuminate\\Foundation\\Application->bootstrapWith(Array)
#18 /home/alex/www/diplom/vendor/laravel/framework/src/Illuminate/Foundation/Console/Kernel.php(131): Illuminate\\Foundation\\Console\\Kernel->bootstrap()
#19 /home/alex/www/diplom/artisan(37): Illuminate\\Foundation\\Console\\Kernel->handle(Object(Symfony\\Component\\Console\\Input\\ArgvInput), Object(Symfony\\Component\\Console\\Output\\ConsoleOutput))
#20 {main}
"} 
[2019-09-23 11:59:38] local.ERROR: syntax error, unexpected ')' {"exception":"[object] (Symfony\\Component\\Debug\\Exception\\FatalThrowableError(code: 0): syntax error, unexpected ')' at /home/alex/www/diplom/app/Http/Sections/CommonSettingsSection.php:67)
[stacktrace]
#0 /home/alex/www/diplom/vendor/composer/ClassLoader.php(322): Composer\\Autoload\\includeFile('/home/alex/www/...')
#1 [internal function]: Composer\\Autoload\\ClassLoader->loadClass('App\\\\Http\\\\Sectio...')
#2 [internal function]: spl_autoload_call('App\\\\Http\\\\Sectio...')
#3 /home/alex/www/diplom/vendor/laravelrus/sleepingowl/src/Admin.php(128): class_exists('\\\\App\\\\Http\\\\Secti...')
#4 /home/alex/www/diplom/vendor/laravelrus/sleepingowl/src/Providers/AdminSectionsServiceProvider.php(34): SleepingOwl\\Admin\\Admin->registerSections(Array)
#5 /home/alex/www/diplom/app/Providers/AdminSectionsServiceProvider.php(46): SleepingOwl\\Admin\\Providers\\AdminSectionsServiceProvider->boot(Object(SleepingOwl\\Admin\\Admin))
#6 [internal function]: App\\Providers\\AdminSectionsServiceProvider->boot(Object(SleepingOwl\\Admin\\Admin))
#7 /home/alex/www/diplom/vendor/laravel/framework/src/Illuminate/Container/BoundMethod.php(32): call_user_func_array(Array, Array)
#8 /home/alex/www/diplom/vendor/laravel/framework/src/Illuminate/Container/BoundMethod.php(90): Illuminate\\Container\\BoundMethod::Illuminate\\Container\\{closure}()
#9 /home/alex/www/diplom/vendor/laravel/framework/src/Illuminate/Container/BoundMethod.php(34): Illuminate\\Container\\BoundMethod::callBoundMethod(Object(Illuminate\\Foundation\\Application), Array, Object(Closure))
#10 /home/alex/www/diplom/vendor/laravel/framework/src/Illuminate/Container/Container.php(576): Illuminate\\Container\\BoundMethod::call(Object(Illuminate\\Foundation\\Application), Array, Array, NULL)
#11 /home/alex/www/diplom/vendor/laravel/framework/src/Illuminate/Foundation/Application.php(827): Illuminate\\Container\\Container->call(Array)
#12 /home/alex/www/diplom/vendor/laravel/framework/src/Illuminate/Foundation/Application.php(810): Illuminate\\Foundation\\Application->bootProvider(Object(App\\Providers\\AdminSectionsServiceProvider))
#13 [internal function]: Illuminate\\Foundation\\Application->Illuminate\\Foundation\\{closure}(Object(App\\Providers\\AdminSectionsServiceProvider), 20)
#14 /home/alex/www/diplom/vendor/laravel/framework/src/Illuminate/Foundation/Application.php(811): array_walk(Array, Object(Closure))
#15 /home/alex/www/diplom/vendor/laravel/framework/src/Illuminate/Foundation/Bootstrap/BootProviders.php(17): Illuminate\\Foundation\\Application->boot()
#16 /home/alex/www/diplom/vendor/laravel/framework/src/Illuminate/Foundation/Application.php(210): Illuminate\\Foundation\\Bootstrap\\BootProviders->bootstrap(Object(Illuminate\\Foundation\\Application))
#17 /home/alex/www/diplom/vendor/laravel/framework/src/Illuminate/Foundation/Console/Kernel.php(322): Illuminate\\Foundation\\Application->bootstrapWith(Array)
#18 /home/alex/www/diplom/vendor/laravel/framework/src/Illuminate/Foundation/Console/Kernel.php(131): Illuminate\\Foundation\\Console\\Kernel->bootstrap()
#19 /home/alex/www/diplom/artisan(37): Illuminate\\Foundation\\Console\\Kernel->handle(Object(Symfony\\Component\\Console\\Input\\ArgvInput), Object(Symfony\\Component\\Console\\Output\\ConsoleOutput))
#20 {main}
"} 
[2019-09-23 12:01:24] local.ERROR: syntax error, unexpected '->' (T_OBJECT_OPERATOR) {"exception":"[object] (Symfony\\Component\\Debug\\Exception\\FatalThrowableError(code: 0): syntax error, unexpected '->' (T_OBJECT_OPERATOR) at /home/alex/www/diplom/app/Http/Sections/CommonSettingsSection.php:64)
[stacktrace]
#0 /home/alex/www/diplom/vendor/composer/ClassLoader.php(322): Composer\\Autoload\\includeFile('/home/alex/www/...')
#1 [internal function]: Composer\\Autoload\\ClassLoader->loadClass('App\\\\Http\\\\Sectio...')
#2 [internal function]: spl_autoload_call('App\\\\Http\\\\Sectio...')
#3 /home/alex/www/diplom/vendor/laravelrus/sleepingowl/src/Admin.php(128): class_exists('\\\\App\\\\Http\\\\Secti...')
#4 /home/alex/www/diplom/vendor/laravelrus/sleepingowl/src/Providers/AdminSectionsServiceProvider.php(34): SleepingOwl\\Admin\\Admin->registerSections(Array)
#5 /home/alex/www/diplom/app/Providers/AdminSectionsServiceProvider.php(46): SleepingOwl\\Admin\\Providers\\AdminSectionsServiceProvider->boot(Object(SleepingOwl\\Admin\\Admin))
#6 [internal function]: App\\Providers\\AdminSectionsServiceProvider->boot(Object(SleepingOwl\\Admin\\Admin))
#7 /home/alex/www/diplom/vendor/laravel/framework/src/Illuminate/Container/BoundMethod.php(32): call_user_func_array(Array, Array)
#8 /home/alex/www/diplom/vendor/laravel/framework/src/Illuminate/Container/BoundMethod.php(90): Illuminate\\Container\\BoundMethod::Illuminate\\Container\\{closure}()
#9 /home/alex/www/diplom/vendor/laravel/framework/src/Illuminate/Container/BoundMethod.php(34): Illuminate\\Container\\BoundMethod::callBoundMethod(Object(Illuminate\\Foundation\\Application), Array, Object(Closure))
#10 /home/alex/www/diplom/vendor/laravel/framework/src/Illuminate/Container/Container.php(576): Illuminate\\Container\\BoundMethod::call(Object(Illuminate\\Foundation\\Application), Array, Array, NULL)
#11 /home/alex/www/diplom/vendor/laravel/framework/src/Illuminate/Foundation/Application.php(827): Illuminate\\Container\\Container->call(Array)
#12 /home/alex/www/diplom/vendor/laravel/framework/src/Illuminate/Foundation/Application.php(810): Illuminate\\Foundation\\Application->bootProvider(Object(App\\Providers\\AdminSectionsServiceProvider))
#13 [internal function]: Illuminate\\Foundation\\Application->Illuminate\\Foundation\\{closure}(Object(App\\Providers\\AdminSectionsServiceProvider), 20)
#14 /home/alex/www/diplom/vendor/laravel/framework/src/Illuminate/Foundation/Application.php(811): array_walk(Array, Object(Closure))
#15 /home/alex/www/diplom/vendor/laravel/framework/src/Illuminate/Foundation/Bootstrap/BootProviders.php(17): Illuminate\\Foundation\\Application->boot()
#16 /home/alex/www/diplom/vendor/laravel/framework/src/Illuminate/Foundation/Application.php(210): Illuminate\\Foundation\\Bootstrap\\BootProviders->bootstrap(Object(Illuminate\\Foundation\\Application))
#17 /home/alex/www/diplom/vendor/laravel/framework/src/Illuminate/Foundation/Console/Kernel.php(322): Illuminate\\Foundation\\Application->bootstrapWith(Array)
#18 /home/alex/www/diplom/vendor/laravel/framework/src/Illuminate/Foundation/Console/Kernel.php(131): Illuminate\\Foundation\\Console\\Kernel->bootstrap()
#19 /home/alex/www/diplom/artisan(37): Illuminate\\Foundation\\Console\\Kernel->handle(Object(Symfony\\Component\\Console\\Input\\ArgvInput), Object(Symfony\\Component\\Console\\Output\\ConsoleOutput))
#20 {main}
"} 
[2019-09-23 12:01:46] local.ERROR: syntax error, unexpected ')' {"exception":"[object] (Symfony\\Component\\Debug\\Exception\\FatalThrowableError(code: 0): syntax error, unexpected ')' at /home/alex/www/diplom/app/Http/Sections/InputformsSection.php:70)
[stacktrace]
#0 /home/alex/www/diplom/vendor/composer/ClassLoader.php(322): Composer\\Autoload\\includeFile('/home/alex/www/...')
#1 [internal function]: Composer\\Autoload\\ClassLoader->loadClass('App\\\\Http\\\\Sectio...')
#2 [internal function]: spl_autoload_call('App\\\\Http\\\\Sectio...')
#3 /home/alex/www/diplom/vendor/laravelrus/sleepingowl/src/Admin.php(128): class_exists('\\\\App\\\\Http\\\\Secti...')
#4 /home/alex/www/diplom/vendor/laravelrus/sleepingowl/src/Providers/AdminSectionsServiceProvider.php(34): SleepingOwl\\Admin\\Admin->registerSections(Array)
#5 /home/alex/www/diplom/app/Providers/AdminSectionsServiceProvider.php(46): SleepingOwl\\Admin\\Providers\\AdminSectionsServiceProvider->boot(Object(SleepingOwl\\Admin\\Admin))
#6 [internal function]: App\\Providers\\AdminSectionsServiceProvider->boot(Object(SleepingOwl\\Admin\\Admin))
#7 /home/alex/www/diplom/vendor/laravel/framework/src/Illuminate/Container/BoundMethod.php(32): call_user_func_array(Array, Array)
#8 /home/alex/www/diplom/vendor/laravel/framework/src/Illuminate/Container/BoundMethod.php(90): Illuminate\\Container\\BoundMethod::Illuminate\\Container\\{closure}()
#9 /home/alex/www/diplom/vendor/laravel/framework/src/Illuminate/Container/BoundMethod.php(34): Illuminate\\Container\\BoundMethod::callBoundMethod(Object(Illuminate\\Foundation\\Application), Array, Object(Closure))
#10 /home/alex/www/diplom/vendor/laravel/framework/src/Illuminate/Container/Container.php(576): Illuminate\\Container\\BoundMethod::call(Object(Illuminate\\Foundation\\Application), Array, Array, NULL)
#11 /home/alex/www/diplom/vendor/laravel/framework/src/Illuminate/Foundation/Application.php(827): Illuminate\\Container\\Container->call(Array)
#12 /home/alex/www/diplom/vendor/laravel/framework/src/Illuminate/Foundation/Application.php(810): Illuminate\\Foundation\\Application->bootProvider(Object(App\\Providers\\AdminSectionsServiceProvider))
#13 [internal function]: Illuminate\\Foundation\\Application->Illuminate\\Foundation\\{closure}(Object(App\\Providers\\AdminSectionsServiceProvider), 20)
#14 /home/alex/www/diplom/vendor/laravel/framework/src/Illuminate/Foundation/Application.php(811): array_walk(Array, Object(Closure))
#15 /home/alex/www/diplom/vendor/laravel/framework/src/Illuminate/Foundation/Bootstrap/BootProviders.php(17): Illuminate\\Foundation\\Application->boot()
#16 /home/alex/www/diplom/vendor/laravel/framework/src/Illuminate/Foundation/Application.php(210): Illuminate\\Foundation\\Bootstrap\\BootProviders->bootstrap(Object(Illuminate\\Foundation\\Application))
#17 /home/alex/www/diplom/vendor/laravel/framework/src/Illuminate/Foundation/Console/Kernel.php(322): Illuminate\\Foundation\\Application->bootstrapWith(Array)
#18 /home/alex/www/diplom/vendor/laravel/framework/src/Illuminate/Foundation/Console/Kernel.php(131): Illuminate\\Foundation\\Console\\Kernel->bootstrap()
#19 /home/alex/www/diplom/artisan(37): Illuminate\\Foundation\\Console\\Kernel->handle(Object(Symfony\\Component\\Console\\Input\\ArgvInput), Object(Symfony\\Component\\Console\\Output\\ConsoleOutput))
#20 {main}
"} 
[2019-09-23 12:02:51] local.ERROR: syntax error, unexpected ')' {"exception":"[object] (Symfony\\Component\\Debug\\Exception\\FatalThrowableError(code: 0): syntax error, unexpected ')' at /home/alex/www/diplom/app/Http/Sections/CommonSettingsSection.php:67)
[stacktrace]
#0 /home/alex/www/diplom/vendor/composer/ClassLoader.php(322): Composer\\Autoload\\includeFile('/home/alex/www/...')
#1 [internal function]: Composer\\Autoload\\ClassLoader->loadClass('App\\\\Http\\\\Sectio...')
#2 [internal function]: spl_autoload_call('App\\\\Http\\\\Sectio...')
#3 /home/alex/www/diplom/vendor/laravelrus/sleepingowl/src/Admin.php(128): class_exists('\\\\App\\\\Http\\\\Secti...')
#4 /home/alex/www/diplom/vendor/laravelrus/sleepingowl/src/Providers/AdminSectionsServiceProvider.php(34): SleepingOwl\\Admin\\Admin->registerSections(Array)
#5 /home/alex/www/diplom/app/Providers/AdminSectionsServiceProvider.php(46): SleepingOwl\\Admin\\Providers\\AdminSectionsServiceProvider->boot(Object(SleepingOwl\\Admin\\Admin))
#6 [internal function]: App\\Providers\\AdminSectionsServiceProvider->boot(Object(SleepingOwl\\Admin\\Admin))
#7 /home/alex/www/diplom/vendor/laravel/framework/src/Illuminate/Container/BoundMethod.php(32): call_user_func_array(Array, Array)
#8 /home/alex/www/diplom/vendor/laravel/framework/src/Illuminate/Container/BoundMethod.php(90): Illuminate\\Container\\BoundMethod::Illuminate\\Container\\{closure}()
#9 /home/alex/www/diplom/vendor/laravel/framework/src/Illuminate/Container/BoundMethod.php(34): Illuminate\\Container\\BoundMethod::callBoundMethod(Object(Illuminate\\Foundation\\Application), Array, Object(Closure))
#10 /home/alex/www/diplom/vendor/laravel/framework/src/Illuminate/Container/Container.php(576): Illuminate\\Container\\BoundMethod::call(Object(Illuminate\\Foundation\\Application), Array, Array, NULL)
#11 /home/alex/www/diplom/vendor/laravel/framework/src/Illuminate/Foundation/Application.php(827): Illuminate\\Container\\Container->call(Array)
#12 /home/alex/www/diplom/vendor/laravel/framework/src/Illuminate/Foundation/Application.php(810): Illuminate\\Foundation\\Application->bootProvider(Object(App\\Providers\\AdminSectionsServiceProvider))
#13 [internal function]: Illuminate\\Foundation\\Application->Illuminate\\Foundation\\{closure}(Object(App\\Providers\\AdminSectionsServiceProvider), 20)
#14 /home/alex/www/diplom/vendor/laravel/framework/src/Illuminate/Foundation/Application.php(811): array_walk(Array, Object(Closure))
#15 /home/alex/www/diplom/vendor/laravel/framework/src/Illuminate/Foundation/Bootstrap/BootProviders.php(17): Illuminate\\Foundation\\Application->boot()
#16 /home/alex/www/diplom/vendor/laravel/framework/src/Illuminate/Foundation/Application.php(210): Illuminate\\Foundation\\Bootstrap\\BootProviders->bootstrap(Object(Illuminate\\Foundation\\Application))
#17 /home/alex/www/diplom/vendor/laravel/framework/src/Illuminate/Foundation/Console/Kernel.php(322): Illuminate\\Foundation\\Application->bootstrapWith(Array)
#18 /home/alex/www/diplom/vendor/laravel/framework/src/Illuminate/Foundation/Console/Kernel.php(131): Illuminate\\Foundation\\Console\\Kernel->bootstrap()
#19 /home/alex/www/diplom/artisan(37): Illuminate\\Foundation\\Console\\Kernel->handle(Object(Symfony\\Component\\Console\\Input\\ArgvInput), Object(Symfony\\Component\\Console\\Output\\ConsoleOutput))
#20 {main}
"} 
[2019-09-23 12:03:37] local.ERROR: syntax error, unexpected ')' {"exception":"[object] (Symfony\\Component\\Debug\\Exception\\FatalThrowableError(code: 0): syntax error, unexpected ')' at /home/alex/www/diplom/app/Http/Sections/CommonSettingsSection.php:67)
[stacktrace]
#0 /home/alex/www/diplom/vendor/composer/ClassLoader.php(322): Composer\\Autoload\\includeFile('/home/alex/www/...')
#1 [internal function]: Composer\\Autoload\\ClassLoader->loadClass('App\\\\Http\\\\Sectio...')
#2 [internal function]: spl_autoload_call('App\\\\Http\\\\Sectio...')
#3 /home/alex/www/diplom/vendor/laravelrus/sleepingowl/src/Admin.php(128): class_exists('\\\\App\\\\Http\\\\Secti...')
#4 /home/alex/www/diplom/vendor/laravelrus/sleepingowl/src/Providers/AdminSectionsServiceProvider.php(34): SleepingOwl\\Admin\\Admin->registerSections(Array)
#5 /home/alex/www/diplom/app/Providers/AdminSectionsServiceProvider.php(46): SleepingOwl\\Admin\\Providers\\AdminSectionsServiceProvider->boot(Object(SleepingOwl\\Admin\\Admin))
#6 [internal function]: App\\Providers\\AdminSectionsServiceProvider->boot(Object(SleepingOwl\\Admin\\Admin))
#7 /home/alex/www/diplom/vendor/laravel/framework/src/Illuminate/Container/BoundMethod.php(32): call_user_func_array(Array, Array)
#8 /home/alex/www/diplom/vendor/laravel/framework/src/Illuminate/Container/BoundMethod.php(90): Illuminate\\Container\\BoundMethod::Illuminate\\Container\\{closure}()
#9 /home/alex/www/diplom/vendor/laravel/framework/src/Illuminate/Container/BoundMethod.php(34): Illuminate\\Container\\BoundMethod::callBoundMethod(Object(Illuminate\\Foundation\\Application), Array, Object(Closure))
#10 /home/alex/www/diplom/vendor/laravel/framework/src/Illuminate/Container/Container.php(576): Illuminate\\Container\\BoundMethod::call(Object(Illuminate\\Foundation\\Application), Array, Array, NULL)
#11 /home/alex/www/diplom/vendor/laravel/framework/src/Illuminate/Foundation/Application.php(827): Illuminate\\Container\\Container->call(Array)
#12 /home/alex/www/diplom/vendor/laravel/framework/src/Illuminate/Foundation/Application.php(810): Illuminate\\Foundation\\Application->bootProvider(Object(App\\Providers\\AdminSectionsServiceProvider))
#13 [internal function]: Illuminate\\Foundation\\Application->Illuminate\\Foundation\\{closure}(Object(App\\Providers\\AdminSectionsServiceProvider), 20)
#14 /home/alex/www/diplom/vendor/laravel/framework/src/Illuminate/Foundation/Application.php(811): array_walk(Array, Object(Closure))
#15 /home/alex/www/diplom/vendor/laravel/framework/src/Illuminate/Foundation/Bootstrap/BootProviders.php(17): Illuminate\\Foundation\\Application->boot()
#16 /home/alex/www/diplom/vendor/laravel/framework/src/Illuminate/Foundation/Application.php(210): Illuminate\\Foundation\\Bootstrap\\BootProviders->bootstrap(Object(Illuminate\\Foundation\\Application))
#17 /home/alex/www/diplom/vendor/laravel/framework/src/Illuminate/Foundation/Console/Kernel.php(322): Illuminate\\Foundation\\Application->bootstrapWith(Array)
#18 /home/alex/www/diplom/vendor/laravel/framework/src/Illuminate/Foundation/Console/Kernel.php(131): Illuminate\\Foundation\\Console\\Kernel->bootstrap()
#19 /home/alex/www/diplom/artisan(37): Illuminate\\Foundation\\Console\\Kernel->handle(Object(Symfony\\Component\\Console\\Input\\ArgvInput), Object(Symfony\\Component\\Console\\Output\\ConsoleOutput))
#20 {main}
"} 
[2019-09-23 12:03:48] local.ERROR: syntax error, unexpected ')' {"exception":"[object] (Symfony\\Component\\Debug\\Exception\\FatalThrowableError(code: 0): syntax error, unexpected ')' at /home/alex/www/diplom/app/Http/Sections/InputformsSection.php:70)
[stacktrace]
#0 /home/alex/www/diplom/vendor/composer/ClassLoader.php(322): Composer\\Autoload\\includeFile('/home/alex/www/...')
#1 [internal function]: Composer\\Autoload\\ClassLoader->loadClass('App\\\\Http\\\\Sectio...')
#2 [internal function]: spl_autoload_call('App\\\\Http\\\\Sectio...')
#3 /home/alex/www/diplom/vendor/laravelrus/sleepingowl/src/Admin.php(128): class_exists('\\\\App\\\\Http\\\\Secti...')
#4 /home/alex/www/diplom/vendor/laravelrus/sleepingowl/src/Providers/AdminSectionsServiceProvider.php(34): SleepingOwl\\Admin\\Admin->registerSections(Array)
#5 /home/alex/www/diplom/app/Providers/AdminSectionsServiceProvider.php(46): SleepingOwl\\Admin\\Providers\\AdminSectionsServiceProvider->boot(Object(SleepingOwl\\Admin\\Admin))
#6 [internal function]: App\\Providers\\AdminSectionsServiceProvider->boot(Object(SleepingOwl\\Admin\\Admin))
#7 /home/alex/www/diplom/vendor/laravel/framework/src/Illuminate/Container/BoundMethod.php(32): call_user_func_array(Array, Array)
#8 /home/alex/www/diplom/vendor/laravel/framework/src/Illuminate/Container/BoundMethod.php(90): Illuminate\\Container\\BoundMethod::Illuminate\\Container\\{closure}()
#9 /home/alex/www/diplom/vendor/laravel/framework/src/Illuminate/Container/BoundMethod.php(34): Illuminate\\Container\\BoundMethod::callBoundMethod(Object(Illuminate\\Foundation\\Application), Array, Object(Closure))
#10 /home/alex/www/diplom/vendor/laravel/framework/src/Illuminate/Container/Container.php(576): Illuminate\\Container\\BoundMethod::call(Object(Illuminate\\Foundation\\Application), Array, Array, NULL)
#11 /home/alex/www/diplom/vendor/laravel/framework/src/Illuminate/Foundation/Application.php(827): Illuminate\\Container\\Container->call(Array)
#12 /home/alex/www/diplom/vendor/laravel/framework/src/Illuminate/Foundation/Application.php(810): Illuminate\\Foundation\\Application->bootProvider(Object(App\\Providers\\AdminSectionsServiceProvider))
#13 [internal function]: Illuminate\\Foundation\\Application->Illuminate\\Foundation\\{closure}(Object(App\\Providers\\AdminSectionsServiceProvider), 20)
#14 /home/alex/www/diplom/vendor/laravel/framework/src/Illuminate/Foundation/Application.php(811): array_walk(Array, Object(Closure))
#15 /home/alex/www/diplom/vendor/laravel/framework/src/Illuminate/Foundation/Bootstrap/BootProviders.php(17): Illuminate\\Foundation\\Application->boot()
#16 /home/alex/www/diplom/vendor/laravel/framework/src/Illuminate/Foundation/Application.php(210): Illuminate\\Foundation\\Bootstrap\\BootProviders->bootstrap(Object(Illuminate\\Foundation\\Application))
#17 /home/alex/www/diplom/vendor/laravel/framework/src/Illuminate/Foundation/Console/Kernel.php(322): Illuminate\\Foundation\\Application->bootstrapWith(Array)
#18 /home/alex/www/diplom/vendor/laravel/framework/src/Illuminate/Foundation/Console/Kernel.php(131): Illuminate\\Foundation\\Console\\Kernel->bootstrap()
#19 /home/alex/www/diplom/artisan(37): Illuminate\\Foundation\\Console\\Kernel->handle(Object(Symfony\\Component\\Console\\Input\\ArgvInput), Object(Symfony\\Component\\Console\\Output\\ConsoleOutput))
#20 {main}
"} 
[2019-09-23 12:04:02] local.ERROR: syntax error, unexpected ')' {"exception":"[object] (Symfony\\Component\\Debug\\Exception\\FatalThrowableError(code: 0): syntax error, unexpected ')' at /home/alex/www/diplom/app/Http/Sections/InputformsSection.php:70)
[stacktrace]
#0 /home/alex/www/diplom/vendor/composer/ClassLoader.php(322): Composer\\Autoload\\includeFile('/home/alex/www/...')
#1 [internal function]: Composer\\Autoload\\ClassLoader->loadClass('App\\\\Http\\\\Sectio...')
#2 [internal function]: spl_autoload_call('App\\\\Http\\\\Sectio...')
#3 /home/alex/www/diplom/vendor/laravelrus/sleepingowl/src/Admin.php(128): class_exists('\\\\App\\\\Http\\\\Secti...')
#4 /home/alex/www/diplom/vendor/laravelrus/sleepingowl/src/Providers/AdminSectionsServiceProvider.php(34): SleepingOwl\\Admin\\Admin->registerSections(Array)
#5 /home/alex/www/diplom/app/Providers/AdminSectionsServiceProvider.php(46): SleepingOwl\\Admin\\Providers\\AdminSectionsServiceProvider->boot(Object(SleepingOwl\\Admin\\Admin))
#6 [internal function]: App\\Providers\\AdminSectionsServiceProvider->boot(Object(SleepingOwl\\Admin\\Admin))
#7 /home/alex/www/diplom/vendor/laravel/framework/src/Illuminate/Container/BoundMethod.php(32): call_user_func_array(Array, Array)
#8 /home/alex/www/diplom/vendor/laravel/framework/src/Illuminate/Container/BoundMethod.php(90): Illuminate\\Container\\BoundMethod::Illuminate\\Container\\{closure}()
#9 /home/alex/www/diplom/vendor/laravel/framework/src/Illuminate/Container/BoundMethod.php(34): Illuminate\\Container\\BoundMethod::callBoundMethod(Object(Illuminate\\Foundation\\Application), Array, Object(Closure))
#10 /home/alex/www/diplom/vendor/laravel/framework/src/Illuminate/Container/Container.php(576): Illuminate\\Container\\BoundMethod::call(Object(Illuminate\\Foundation\\Application), Array, Array, NULL)
#11 /home/alex/www/diplom/vendor/laravel/framework/src/Illuminate/Foundation/Application.php(827): Illuminate\\Container\\Container->call(Array)
#12 /home/alex/www/diplom/vendor/laravel/framework/src/Illuminate/Foundation/Application.php(810): Illuminate\\Foundation\\Application->bootProvider(Object(App\\Providers\\AdminSectionsServiceProvider))
#13 [internal function]: Illuminate\\Foundation\\Application->Illuminate\\Foundation\\{closure}(Object(App\\Providers\\AdminSectionsServiceProvider), 20)
#14 /home/alex/www/diplom/vendor/laravel/framework/src/Illuminate/Foundation/Application.php(811): array_walk(Array, Object(Closure))
#15 /home/alex/www/diplom/vendor/laravel/framework/src/Illuminate/Foundation/Bootstrap/BootProviders.php(17): Illuminate\\Foundation\\Application->boot()
#16 /home/alex/www/diplom/vendor/laravel/framework/src/Illuminate/Foundation/Application.php(210): Illuminate\\Foundation\\Bootstrap\\BootProviders->bootstrap(Object(Illuminate\\Foundation\\Application))
#17 /home/alex/www/diplom/vendor/laravel/framework/src/Illuminate/Foundation/Console/Kernel.php(322): Illuminate\\Foundation\\Application->bootstrapWith(Array)
#18 /home/alex/www/diplom/vendor/laravel/framework/src/Illuminate/Foundation/Console/Kernel.php(131): Illuminate\\Foundation\\Console\\Kernel->bootstrap()
#19 /home/alex/www/diplom/artisan(37): Illuminate\\Foundation\\Console\\Kernel->handle(Object(Symfony\\Component\\Console\\Input\\ArgvInput), Object(Symfony\\Component\\Console\\Output\\ConsoleOutput))
#20 {main}
"} 
[2019-09-23 12:04:18] local.ERROR: syntax error, unexpected ')' {"exception":"[object] (Symfony\\Component\\Debug\\Exception\\FatalThrowableError(code: 0): syntax error, unexpected ')' at /home/alex/www/diplom/app/Http/Sections/TopclassesSection.php:67)
[stacktrace]
#0 /home/alex/www/diplom/vendor/composer/ClassLoader.php(322): Composer\\Autoload\\includeFile('/home/alex/www/...')
#1 [internal function]: Composer\\Autoload\\ClassLoader->loadClass('App\\\\Http\\\\Sectio...')
#2 [internal function]: spl_autoload_call('App\\\\Http\\\\Sectio...')
#3 /home/alex/www/diplom/vendor/laravelrus/sleepingowl/src/Admin.php(128): class_exists('\\\\App\\\\Http\\\\Secti...')
#4 /home/alex/www/diplom/vendor/laravelrus/sleepingowl/src/Providers/AdminSectionsServiceProvider.php(34): SleepingOwl\\Admin\\Admin->registerSections(Array)
#5 /home/alex/www/diplom/app/Providers/AdminSectionsServiceProvider.php(46): SleepingOwl\\Admin\\Providers\\AdminSectionsServiceProvider->boot(Object(SleepingOwl\\Admin\\Admin))
#6 [internal function]: App\\Providers\\AdminSectionsServiceProvider->boot(Object(SleepingOwl\\Admin\\Admin))
#7 /home/alex/www/diplom/vendor/laravel/framework/src/Illuminate/Container/BoundMethod.php(32): call_user_func_array(Array, Array)
#8 /home/alex/www/diplom/vendor/laravel/framework/src/Illuminate/Container/BoundMethod.php(90): Illuminate\\Container\\BoundMethod::Illuminate\\Container\\{closure}()
#9 /home/alex/www/diplom/vendor/laravel/framework/src/Illuminate/Container/BoundMethod.php(34): Illuminate\\Container\\BoundMethod::callBoundMethod(Object(Illuminate\\Foundation\\Application), Array, Object(Closure))
#10 /home/alex/www/diplom/vendor/laravel/framework/src/Illuminate/Container/Container.php(576): Illuminate\\Container\\BoundMethod::call(Object(Illuminate\\Foundation\\Application), Array, Array, NULL)
#11 /home/alex/www/diplom/vendor/laravel/framework/src/Illuminate/Foundation/Application.php(827): Illuminate\\Container\\Container->call(Array)
#12 /home/alex/www/diplom/vendor/laravel/framework/src/Illuminate/Foundation/Application.php(810): Illuminate\\Foundation\\Application->bootProvider(Object(App\\Providers\\AdminSectionsServiceProvider))
#13 [internal function]: Illuminate\\Foundation\\Application->Illuminate\\Foundation\\{closure}(Object(App\\Providers\\AdminSectionsServiceProvider), 20)
#14 /home/alex/www/diplom/vendor/laravel/framework/src/Illuminate/Foundation/Application.php(811): array_walk(Array, Object(Closure))
#15 /home/alex/www/diplom/vendor/laravel/framework/src/Illuminate/Foundation/Bootstrap/BootProviders.php(17): Illuminate\\Foundation\\Application->boot()
#16 /home/alex/www/diplom/vendor/laravel/framework/src/Illuminate/Foundation/Application.php(210): Illuminate\\Foundation\\Bootstrap\\BootProviders->bootstrap(Object(Illuminate\\Foundation\\Application))
#17 /home/alex/www/diplom/vendor/laravel/framework/src/Illuminate/Foundation/Console/Kernel.php(322): Illuminate\\Foundation\\Application->bootstrapWith(Array)
#18 /home/alex/www/diplom/vendor/laravel/framework/src/Illuminate/Foundation/Console/Kernel.php(131): Illuminate\\Foundation\\Console\\Kernel->bootstrap()
#19 /home/alex/www/diplom/artisan(37): Illuminate\\Foundation\\Console\\Kernel->handle(Object(Symfony\\Component\\Console\\Input\\ArgvInput), Object(Symfony\\Component\\Console\\Output\\ConsoleOutput))
#20 {main}
"} 
[2019-09-23 12:04:47] local.ERROR: syntax error, unexpected ')' {"exception":"[object] (Symfony\\Component\\Debug\\Exception\\FatalThrowableError(code: 0): syntax error, unexpected ')' at /home/alex/www/diplom/app/Http/Sections/MemorisplanSection.php:67)
[stacktrace]
#0 /home/alex/www/diplom/vendor/composer/ClassLoader.php(322): Composer\\Autoload\\includeFile('/home/alex/www/...')
#1 [internal function]: Composer\\Autoload\\ClassLoader->loadClass('App\\\\Http\\\\Sectio...')
#2 [internal function]: spl_autoload_call('App\\\\Http\\\\Sectio...')
#3 /home/alex/www/diplom/vendor/laravelrus/sleepingowl/src/Admin.php(128): class_exists('\\\\App\\\\Http\\\\Secti...')
#4 /home/alex/www/diplom/vendor/laravelrus/sleepingowl/src/Providers/AdminSectionsServiceProvider.php(34): SleepingOwl\\Admin\\Admin->registerSections(Array)
#5 /home/alex/www/diplom/app/Providers/AdminSectionsServiceProvider.php(46): SleepingOwl\\Admin\\Providers\\AdminSectionsServiceProvider->boot(Object(SleepingOwl\\Admin\\Admin))
#6 [internal function]: App\\Providers\\AdminSectionsServiceProvider->boot(Object(SleepingOwl\\Admin\\Admin))
#7 /home/alex/www/diplom/vendor/laravel/framework/src/Illuminate/Container/BoundMethod.php(32): call_user_func_array(Array, Array)
#8 /home/alex/www/diplom/vendor/laravel/framework/src/Illuminate/Container/BoundMethod.php(90): Illuminate\\Container\\BoundMethod::Illuminate\\Container\\{closure}()
#9 /home/alex/www/diplom/vendor/laravel/framework/src/Illuminate/Container/BoundMethod.php(34): Illuminate\\Container\\BoundMethod::callBoundMethod(Object(Illuminate\\Foundation\\Application), Array, Object(Closure))
#10 /home/alex/www/diplom/vendor/laravel/framework/src/Illuminate/Container/Container.php(576): Illuminate\\Container\\BoundMethod::call(Object(Illuminate\\Foundation\\Application), Array, Array, NULL)
#11 /home/alex/www/diplom/vendor/laravel/framework/src/Illuminate/Foundation/Application.php(827): Illuminate\\Container\\Container->call(Array)
#12 /home/alex/www/diplom/vendor/laravel/framework/src/Illuminate/Foundation/Application.php(810): Illuminate\\Foundation\\Application->bootProvider(Object(App\\Providers\\AdminSectionsServiceProvider))
#13 [internal function]: Illuminate\\Foundation\\Application->Illuminate\\Foundation\\{closure}(Object(App\\Providers\\AdminSectionsServiceProvider), 20)
#14 /home/alex/www/diplom/vendor/laravel/framework/src/Illuminate/Foundation/Application.php(811): array_walk(Array, Object(Closure))
#15 /home/alex/www/diplom/vendor/laravel/framework/src/Illuminate/Foundation/Bootstrap/BootProviders.php(17): Illuminate\\Foundation\\Application->boot()
#16 /home/alex/www/diplom/vendor/laravel/framework/src/Illuminate/Foundation/Application.php(210): Illuminate\\Foundation\\Bootstrap\\BootProviders->bootstrap(Object(Illuminate\\Foundation\\Application))
#17 /home/alex/www/diplom/vendor/laravel/framework/src/Illuminate/Foundation/Console/Kernel.php(322): Illuminate\\Foundation\\Application->bootstrapWith(Array)
#18 /home/alex/www/diplom/vendor/laravel/framework/src/Illuminate/Foundation/Console/Kernel.php(131): Illuminate\\Foundation\\Console\\Kernel->bootstrap()
#19 /home/alex/www/diplom/artisan(37): Illuminate\\Foundation\\Console\\Kernel->handle(Object(Symfony\\Component\\Console\\Input\\ArgvInput), Object(Symfony\\Component\\Console\\Output\\ConsoleOutput))
#20 {main}
"} 
[2019-09-23 12:18:16] local.ERROR: SQLSTATE[42S21]: Column already exists: 1060 Duplicate column name 'course' (SQL: create table `users` (`id` bigint unsigned not null auto_increment primary key, `name` varchar(191) not null, `form` varchar(191) not null, `course` varchar(191) not null, `email` varchar(191) not null, `role` int not null default '0' comment '0:student; 1:teacher; 2:manager; 3:root', `email_verified_at` timestamp null, `password` varchar(191) not null, `course` int not null default '1' comment '1:day; 2:noday;', `remember_token` varchar(100) null, `created_at` timestamp null, `updated_at` timestamp null) default character set utf8 collate 'utf8_unicode_ci' engine = InnoDB) {"exception":"[object] (Illuminate\\Database\\QueryException(code: 42S21): SQLSTATE[42S21]: Column already exists: 1060 Duplicate column name 'course' (SQL: create table `users` (`id` bigint unsigned not null auto_increment primary key, `name` varchar(191) not null, `form` varchar(191) not null, `course` varchar(191) not null, `email` varchar(191) not null, `role` int not null default '0' comment '0:student; 1:teacher; 2:manager; 3:root', `email_verified_at` timestamp null, `password` varchar(191) not null, `course` int not null default '1' comment '1:day; 2:noday;', `remember_token` varchar(100) null, `created_at` timestamp null, `updated_at` timestamp null) default character set utf8 collate 'utf8_unicode_ci' engine = InnoDB) at /home/alex/www/diplom/vendor/laravel/framework/src/Illuminate/Database/Connection.php:664, Doctrine\\DBAL\\Driver\\PDOException(code: 42S21): SQLSTATE[42S21]: Column already exists: 1060 Duplicate column name 'course' at /home/alex/www/diplom/vendor/doctrine/dbal/lib/Doctrine/DBAL/Driver/PDOStatement.php:119, PDOException(code: 42S21): SQLSTATE[42S21]: Column already exists: 1060 Duplicate column name 'course' at /home/alex/www/diplom/vendor/doctrine/dbal/lib/Doctrine/DBAL/Driver/PDOStatement.php:117)
[stacktrace]
#0 /home/alex/www/diplom/vendor/laravel/framework/src/Illuminate/Database/Connection.php(624): Illuminate\\Database\\Connection->runQueryCallback('create table `u...', Array, Object(Closure))
#1 /home/alex/www/diplom/vendor/laravel/framework/src/Illuminate/Database/Connection.php(459): Illuminate\\Database\\Connection->run('create table `u...', Array, Object(Closure))
#2 /home/alex/www/diplom/vendor/laravel/framework/src/Illuminate/Database/Schema/Blueprint.php(97): Illuminate\\Database\\Connection->statement('create table `u...')
#3 /home/alex/www/diplom/vendor/laravel/framework/src/Illuminate/Database/Schema/Builder.php(278): Illuminate\\Database\\Schema\\Blueprint->build(Object(Illuminate\\Database\\MySqlConnection), Object(Illuminate\\Database\\Schema\\Grammars\\MySqlGrammar))
#4 /home/alex/www/diplom/vendor/laravel/framework/src/Illuminate/Database/Schema/Builder.php(167): Illuminate\\Database\\Schema\\Builder->build(Object(Illuminate\\Database\\Schema\\Blueprint))
#5 /home/alex/www/diplom/vendor/laravel/framework/src/Illuminate/Support/Facades/Facade.php(239): Illuminate\\Database\\Schema\\Builder->create('users', Object(Closure))
#6 /home/alex/www/diplom/database/migrations/2014_10_12_000000_create_users_table.php(29): Illuminate\\Support\\Facades\\Facade::__callStatic('create', Array)
#7 /home/alex/www/diplom/vendor/laravel/framework/src/Illuminate/Database/Migrations/Migrator.php(387): CreateUsersTable->up()
#8 /home/alex/www/diplom/vendor/laravel/framework/src/Illuminate/Database/Migrations/Migrator.php(396): Illuminate\\Database\\Migrations\\Migrator->Illuminate\\Database\\Migrations\\{closure}()
#9 /home/alex/www/diplom/vendor/laravel/framework/src/Illuminate/Database/Migrations/Migrator.php(197): Illuminate\\Database\\Migrations\\Migrator->runMigration(Object(CreateUsersTable), 'up')
#10 /home/alex/www/diplom/vendor/laravel/framework/src/Illuminate/Database/Migrations/Migrator.php(162): Illuminate\\Database\\Migrations\\Migrator->runUp('/home/alex/www/...', 1, false)
#11 /home/alex/www/diplom/vendor/laravel/framework/src/Illuminate/Database/Migrations/Migrator.php(109): Illuminate\\Database\\Migrations\\Migrator->runPending(Array, Array)
#12 /home/alex/www/diplom/vendor/laravel/framework/src/Illuminate/Database/Console/Migrations/MigrateCommand.php(71): Illuminate\\Database\\Migrations\\Migrator->run(Array, Array)
#13 [internal function]: Illuminate\\Database\\Console\\Migrations\\MigrateCommand->handle()
#14 /home/alex/www/diplom/vendor/laravel/framework/src/Illuminate/Container/BoundMethod.php(32): call_user_func_array(Array, Array)
#15 /home/alex/www/diplom/vendor/laravel/framework/src/Illuminate/Container/BoundMethod.php(90): Illuminate\\Container\\BoundMethod::Illuminate\\Container\\{closure}()
#16 /home/alex/www/diplom/vendor/laravel/framework/src/Illuminate/Container/BoundMethod.php(34): Illuminate\\Container\\BoundMethod::callBoundMethod(Object(Illuminate\\Foundation\\Application), Array, Object(Closure))
#17 /home/alex/www/diplom/vendor/laravel/framework/src/Illuminate/Container/Container.php(576): Illuminate\\Container\\BoundMethod::call(Object(Illuminate\\Foundation\\Application), Array, Array, NULL)
#18 /home/alex/www/diplom/vendor/laravel/framework/src/Illuminate/Console/Command.php(183): Illuminate\\Container\\Container->call(Array)
#19 /home/alex/www/diplom/vendor/symfony/console/Command/Command.php(255): Illuminate\\Console\\Command->execute(Object(Symfony\\Component\\Console\\Input\\ArgvInput), Object(Illuminate\\Console\\OutputStyle))
#20 /home/alex/www/diplom/vendor/laravel/framework/src/Illuminate/Console/Command.php(170): Symfony\\Component\\Console\\Command\\Command->run(Object(Symfony\\Component\\Console\\Input\\ArgvInput), Object(Illuminate\\Console\\OutputStyle))
#21 /home/alex/www/diplom/vendor/symfony/console/Application.php(915): Illuminate\\Console\\Command->run(Object(Symfony\\Component\\Console\\Input\\ArgvInput), Object(Symfony\\Component\\Console\\Output\\ConsoleOutput))
#22 /home/alex/www/diplom/vendor/symfony/console/Application.php(272): Symfony\\Component\\Console\\Application->doRunCommand(Object(Illuminate\\Database\\Console\\Migrations\\MigrateCommand), Object(Symfony\\Component\\Console\\Input\\ArgvInput), Object(Symfony\\Component\\Console\\Output\\ConsoleOutput))
#23 /home/alex/www/diplom/vendor/symfony/console/Application.php(148): Symfony\\Component\\Console\\Application->doRun(Object(Symfony\\Component\\Console\\Input\\ArgvInput), Object(Symfony\\Component\\Console\\Output\\ConsoleOutput))
#24 /home/alex/www/diplom/vendor/laravel/framework/src/Illuminate/Console/Application.php(90): Symfony\\Component\\Console\\Application->run(Object(Symfony\\Component\\Console\\Input\\ArgvInput), Object(Symfony\\Component\\Console\\Output\\ConsoleOutput))
#25 /home/alex/www/diplom/vendor/laravel/framework/src/Illuminate/Foundation/Console/Kernel.php(133): Illuminate\\Console\\Application->run(Object(Symfony\\Component\\Console\\Input\\ArgvInput), Object(Symfony\\Component\\Console\\Output\\ConsoleOutput))
#26 /home/alex/www/diplom/artisan(37): Illuminate\\Foundation\\Console\\Kernel->handle(Object(Symfony\\Component\\Console\\Input\\ArgvInput), Object(Symfony\\Component\\Console\\Output\\ConsoleOutput))
#27 {main}
"} 
[2019-09-23 12:20:29] local.ERROR: SQLSTATE[42S21]: Column already exists: 1060 Duplicate column name 'course' (SQL: create table `users` (`id` bigint unsigned not null auto_increment primary key, `name` varchar(191) not null, `form` varchar(191) not null, `course` varchar(191) not null, `email` varchar(191) not null, `role` int not null default '0' comment '0:student; 1:teacher; 2:manager; 3:root', `email_verified_at` timestamp null, `password` varchar(191) not null, `course` int not null default '1' comment '1:day; 2:noday;', `remember_token` varchar(100) null, `created_at` timestamp null, `updated_at` timestamp null) default character set utf8 collate 'utf8_unicode_ci' engine = InnoDB) {"exception":"[object] (Illuminate\\Database\\QueryException(code: 42S21): SQLSTATE[42S21]: Column already exists: 1060 Duplicate column name 'course' (SQL: create table `users` (`id` bigint unsigned not null auto_increment primary key, `name` varchar(191) not null, `form` varchar(191) not null, `course` varchar(191) not null, `email` varchar(191) not null, `role` int not null default '0' comment '0:student; 1:teacher; 2:manager; 3:root', `email_verified_at` timestamp null, `password` varchar(191) not null, `course` int not null default '1' comment '1:day; 2:noday;', `remember_token` varchar(100) null, `created_at` timestamp null, `updated_at` timestamp null) default character set utf8 collate 'utf8_unicode_ci' engine = InnoDB) at /home/alex/www/diplom/vendor/laravel/framework/src/Illuminate/Database/Connection.php:664, Doctrine\\DBAL\\Driver\\PDOException(code: 42S21): SQLSTATE[42S21]: Column already exists: 1060 Duplicate column name 'course' at /home/alex/www/diplom/vendor/doctrine/dbal/lib/Doctrine/DBAL/Driver/PDOStatement.php:119, PDOException(code: 42S21): SQLSTATE[42S21]: Column already exists: 1060 Duplicate column name 'course' at /home/alex/www/diplom/vendor/doctrine/dbal/lib/Doctrine/DBAL/Driver/PDOStatement.php:117)
[stacktrace]
#0 /home/alex/www/diplom/vendor/laravel/framework/src/Illuminate/Database/Connection.php(624): Illuminate\\Database\\Connection->runQueryCallback('create table `u...', Array, Object(Closure))
#1 /home/alex/www/diplom/vendor/laravel/framework/src/Illuminate/Database/Connection.php(459): Illuminate\\Database\\Connection->run('create table `u...', Array, Object(Closure))
#2 /home/alex/www/diplom/vendor/laravel/framework/src/Illuminate/Database/Schema/Blueprint.php(97): Illuminate\\Database\\Connection->statement('create table `u...')
#3 /home/alex/www/diplom/vendor/laravel/framework/src/Illuminate/Database/Schema/Builder.php(278): Illuminate\\Database\\Schema\\Blueprint->build(Object(Illuminate\\Database\\MySqlConnection), Object(Illuminate\\Database\\Schema\\Grammars\\MySqlGrammar))
#4 /home/alex/www/diplom/vendor/laravel/framework/src/Illuminate/Database/Schema/Builder.php(167): Illuminate\\Database\\Schema\\Builder->build(Object(Illuminate\\Database\\Schema\\Blueprint))
#5 /home/alex/www/diplom/vendor/laravel/framework/src/Illuminate/Support/Facades/Facade.php(239): Illuminate\\Database\\Schema\\Builder->create('users', Object(Closure))
#6 /home/alex/www/diplom/database/migrations/2014_10_12_000000_create_users_table.php(29): Illuminate\\Support\\Facades\\Facade::__callStatic('create', Array)
#7 /home/alex/www/diplom/vendor/laravel/framework/src/Illuminate/Database/Migrations/Migrator.php(387): CreateUsersTable->up()
#8 /home/alex/www/diplom/vendor/laravel/framework/src/Illuminate/Database/Migrations/Migrator.php(396): Illuminate\\Database\\Migrations\\Migrator->Illuminate\\Database\\Migrations\\{closure}()
#9 /home/alex/www/diplom/vendor/laravel/framework/src/Illuminate/Database/Migrations/Migrator.php(197): Illuminate\\Database\\Migrations\\Migrator->runMigration(Object(CreateUsersTable), 'up')
#10 /home/alex/www/diplom/vendor/laravel/framework/src/Illuminate/Database/Migrations/Migrator.php(162): Illuminate\\Database\\Migrations\\Migrator->runUp('/home/alex/www/...', 1, false)
#11 /home/alex/www/diplom/vendor/laravel/framework/src/Illuminate/Database/Migrations/Migrator.php(109): Illuminate\\Database\\Migrations\\Migrator->runPending(Array, Array)
#12 /home/alex/www/diplom/vendor/laravel/framework/src/Illuminate/Database/Console/Migrations/MigrateCommand.php(71): Illuminate\\Database\\Migrations\\Migrator->run(Array, Array)
#13 [internal function]: Illuminate\\Database\\Console\\Migrations\\MigrateCommand->handle()
#14 /home/alex/www/diplom/vendor/laravel/framework/src/Illuminate/Container/BoundMethod.php(32): call_user_func_array(Array, Array)
#15 /home/alex/www/diplom/vendor/laravel/framework/src/Illuminate/Container/BoundMethod.php(90): Illuminate\\Container\\BoundMethod::Illuminate\\Container\\{closure}()
#16 /home/alex/www/diplom/vendor/laravel/framework/src/Illuminate/Container/BoundMethod.php(34): Illuminate\\Container\\BoundMethod::callBoundMethod(Object(Illuminate\\Foundation\\Application), Array, Object(Closure))
#17 /home/alex/www/diplom/vendor/laravel/framework/src/Illuminate/Container/Container.php(576): Illuminate\\Container\\BoundMethod::call(Object(Illuminate\\Foundation\\Application), Array, Array, NULL)
#18 /home/alex/www/diplom/vendor/laravel/framework/src/Illuminate/Console/Command.php(183): Illuminate\\Container\\Container->call(Array)
#19 /home/alex/www/diplom/vendor/symfony/console/Command/Command.php(255): Illuminate\\Console\\Command->execute(Object(Symfony\\Component\\Console\\Input\\ArgvInput), Object(Illuminate\\Console\\OutputStyle))
#20 /home/alex/www/diplom/vendor/laravel/framework/src/Illuminate/Console/Command.php(170): Symfony\\Component\\Console\\Command\\Command->run(Object(Symfony\\Component\\Console\\Input\\ArgvInput), Object(Illuminate\\Console\\OutputStyle))
#21 /home/alex/www/diplom/vendor/symfony/console/Application.php(915): Illuminate\\Console\\Command->run(Object(Symfony\\Component\\Console\\Input\\ArgvInput), Object(Symfony\\Component\\Console\\Output\\ConsoleOutput))
#22 /home/alex/www/diplom/vendor/symfony/console/Application.php(272): Symfony\\Component\\Console\\Application->doRunCommand(Object(Illuminate\\Database\\Console\\Migrations\\MigrateCommand), Object(Symfony\\Component\\Console\\Input\\ArgvInput), Object(Symfony\\Component\\Console\\Output\\ConsoleOutput))
#23 /home/alex/www/diplom/vendor/symfony/console/Application.php(148): Symfony\\Component\\Console\\Application->doRun(Object(Symfony\\Component\\Console\\Input\\ArgvInput), Object(Symfony\\Component\\Console\\Output\\ConsoleOutput))
#24 /home/alex/www/diplom/vendor/laravel/framework/src/Illuminate/Console/Application.php(90): Symfony\\Component\\Console\\Application->run(Object(Symfony\\Component\\Console\\Input\\ArgvInput), Object(Symfony\\Component\\Console\\Output\\ConsoleOutput))
#25 /home/alex/www/diplom/vendor/laravel/framework/src/Illuminate/Foundation/Console/Kernel.php(133): Illuminate\\Console\\Application->run(Object(Symfony\\Component\\Console\\Input\\ArgvInput), Object(Symfony\\Component\\Console\\Output\\ConsoleOutput))
#26 /home/alex/www/diplom/artisan(37): Illuminate\\Foundation\\Console\\Kernel->handle(Object(Symfony\\Component\\Console\\Input\\ArgvInput), Object(Symfony\\Component\\Console\\Output\\ConsoleOutput))
#27 {main}
"} 
[2019-09-23 12:21:41] local.ERROR: SQLSTATE[42S21]: Column already exists: 1060 Duplicate column name 'course' (SQL: create table `users` (`id` bigint unsigned not null auto_increment primary key, `name` varchar(191) not null, `form` varchar(191) not null, `course` varchar(191) not null, `email` varchar(191) not null, `role` int not null default '0' comment '0:student; 1:teacher; 2:manager; 3:root', `email_verified_at` timestamp null, `password` varchar(191) not null, `course` int not null default '1' comment '1:day; 2:noday;', `remember_token` varchar(100) null, `created_at` timestamp null, `updated_at` timestamp null) default character set utf8 collate 'utf8_unicode_ci' engine = InnoDB) {"exception":"[object] (Illuminate\\Database\\QueryException(code: 42S21): SQLSTATE[42S21]: Column already exists: 1060 Duplicate column name 'course' (SQL: create table `users` (`id` bigint unsigned not null auto_increment primary key, `name` varchar(191) not null, `form` varchar(191) not null, `course` varchar(191) not null, `email` varchar(191) not null, `role` int not null default '0' comment '0:student; 1:teacher; 2:manager; 3:root', `email_verified_at` timestamp null, `password` varchar(191) not null, `course` int not null default '1' comment '1:day; 2:noday;', `remember_token` varchar(100) null, `created_at` timestamp null, `updated_at` timestamp null) default character set utf8 collate 'utf8_unicode_ci' engine = InnoDB) at /home/alex/www/diplom/vendor/laravel/framework/src/Illuminate/Database/Connection.php:664, Doctrine\\DBAL\\Driver\\PDOException(code: 42S21): SQLSTATE[42S21]: Column already exists: 1060 Duplicate column name 'course' at /home/alex/www/diplom/vendor/doctrine/dbal/lib/Doctrine/DBAL/Driver/PDOStatement.php:119, PDOException(code: 42S21): SQLSTATE[42S21]: Column already exists: 1060 Duplicate column name 'course' at /home/alex/www/diplom/vendor/doctrine/dbal/lib/Doctrine/DBAL/Driver/PDOStatement.php:117)
[stacktrace]
#0 /home/alex/www/diplom/vendor/laravel/framework/src/Illuminate/Database/Connection.php(624): Illuminate\\Database\\Connection->runQueryCallback('create table `u...', Array, Object(Closure))
#1 /home/alex/www/diplom/vendor/laravel/framework/src/Illuminate/Database/Connection.php(459): Illuminate\\Database\\Connection->run('create table `u...', Array, Object(Closure))
#2 /home/alex/www/diplom/vendor/laravel/framework/src/Illuminate/Database/Schema/Blueprint.php(97): Illuminate\\Database\\Connection->statement('create table `u...')
#3 /home/alex/www/diplom/vendor/laravel/framework/src/Illuminate/Database/Schema/Builder.php(278): Illuminate\\Database\\Schema\\Blueprint->build(Object(Illuminate\\Database\\MySqlConnection), Object(Illuminate\\Database\\Schema\\Grammars\\MySqlGrammar))
#4 /home/alex/www/diplom/vendor/laravel/framework/src/Illuminate/Database/Schema/Builder.php(167): Illuminate\\Database\\Schema\\Builder->build(Object(Illuminate\\Database\\Schema\\Blueprint))
#5 /home/alex/www/diplom/vendor/laravel/framework/src/Illuminate/Support/Facades/Facade.php(239): Illuminate\\Database\\Schema\\Builder->create('users', Object(Closure))
#6 /home/alex/www/diplom/database/migrations/2014_10_12_000000_create_users_table.php(29): Illuminate\\Support\\Facades\\Facade::__callStatic('create', Array)
#7 /home/alex/www/diplom/vendor/laravel/framework/src/Illuminate/Database/Migrations/Migrator.php(387): CreateUsersTable->up()
#8 /home/alex/www/diplom/vendor/laravel/framework/src/Illuminate/Database/Migrations/Migrator.php(396): Illuminate\\Database\\Migrations\\Migrator->Illuminate\\Database\\Migrations\\{closure}()
#9 /home/alex/www/diplom/vendor/laravel/framework/src/Illuminate/Database/Migrations/Migrator.php(197): Illuminate\\Database\\Migrations\\Migrator->runMigration(Object(CreateUsersTable), 'up')
#10 /home/alex/www/diplom/vendor/laravel/framework/src/Illuminate/Database/Migrations/Migrator.php(162): Illuminate\\Database\\Migrations\\Migrator->runUp('/home/alex/www/...', 1, false)
#11 /home/alex/www/diplom/vendor/laravel/framework/src/Illuminate/Database/Migrations/Migrator.php(109): Illuminate\\Database\\Migrations\\Migrator->runPending(Array, Array)
#12 /home/alex/www/diplom/vendor/laravel/framework/src/Illuminate/Database/Console/Migrations/MigrateCommand.php(71): Illuminate\\Database\\Migrations\\Migrator->run(Array, Array)
#13 [internal function]: Illuminate\\Database\\Console\\Migrations\\MigrateCommand->handle()
#14 /home/alex/www/diplom/vendor/laravel/framework/src/Illuminate/Container/BoundMethod.php(32): call_user_func_array(Array, Array)
#15 /home/alex/www/diplom/vendor/laravel/framework/src/Illuminate/Container/BoundMethod.php(90): Illuminate\\Container\\BoundMethod::Illuminate\\Container\\{closure}()
#16 /home/alex/www/diplom/vendor/laravel/framework/src/Illuminate/Container/BoundMethod.php(34): Illuminate\\Container\\BoundMethod::callBoundMethod(Object(Illuminate\\Foundation\\Application), Array, Object(Closure))
#17 /home/alex/www/diplom/vendor/laravel/framework/src/Illuminate/Container/Container.php(576): Illuminate\\Container\\BoundMethod::call(Object(Illuminate\\Foundation\\Application), Array, Array, NULL)
#18 /home/alex/www/diplom/vendor/laravel/framework/src/Illuminate/Console/Command.php(183): Illuminate\\Container\\Container->call(Array)
#19 /home/alex/www/diplom/vendor/symfony/console/Command/Command.php(255): Illuminate\\Console\\Command->execute(Object(Symfony\\Component\\Console\\Input\\ArgvInput), Object(Illuminate\\Console\\OutputStyle))
#20 /home/alex/www/diplom/vendor/laravel/framework/src/Illuminate/Console/Command.php(170): Symfony\\Component\\Console\\Command\\Command->run(Object(Symfony\\Component\\Console\\Input\\ArgvInput), Object(Illuminate\\Console\\OutputStyle))
#21 /home/alex/www/diplom/vendor/symfony/console/Application.php(915): Illuminate\\Console\\Command->run(Object(Symfony\\Component\\Console\\Input\\ArgvInput), Object(Symfony\\Component\\Console\\Output\\ConsoleOutput))
#22 /home/alex/www/diplom/vendor/symfony/console/Application.php(272): Symfony\\Component\\Console\\Application->doRunCommand(Object(Illuminate\\Database\\Console\\Migrations\\MigrateCommand), Object(Symfony\\Component\\Console\\Input\\ArgvInput), Object(Symfony\\Component\\Console\\Output\\ConsoleOutput))
#23 /home/alex/www/diplom/vendor/symfony/console/Application.php(148): Symfony\\Component\\Console\\Application->doRun(Object(Symfony\\Component\\Console\\Input\\ArgvInput), Object(Symfony\\Component\\Console\\Output\\ConsoleOutput))
#24 /home/alex/www/diplom/vendor/laravel/framework/src/Illuminate/Console/Application.php(90): Symfony\\Component\\Console\\Application->run(Object(Symfony\\Component\\Console\\Input\\ArgvInput), Object(Symfony\\Component\\Console\\Output\\ConsoleOutput))
#25 /home/alex/www/diplom/vendor/laravel/framework/src/Illuminate/Foundation/Console/Kernel.php(133): Illuminate\\Console\\Application->run(Object(Symfony\\Component\\Console\\Input\\ArgvInput), Object(Symfony\\Component\\Console\\Output\\ConsoleOutput))
#26 /home/alex/www/diplom/artisan(37): Illuminate\\Foundation\\Console\\Kernel->handle(Object(Symfony\\Component\\Console\\Input\\ArgvInput), Object(Symfony\\Component\\Console\\Output\\ConsoleOutput))
#27 {main}
"} 
